WARNING:django.request:Not Found: /socketcluster/
WARNING:django.request:Not Found: /socketcluster/
WARNING:django.request:Not Found: /socketcluster/
WARNING:django.request:Not Found: /socketcluster/
WARNING:django.request:Not Found: /socketcluster/
WARNING:django.request:Not Found: /socketcluster/
WARNING:django.request:Not Found: /socketcluster/
WARNING:django.request:Not Found: /socketcluster/
WARNING:django.request:Not Found: /socketcluster/
WARNING:django.request:Not Found: /socketcluster/
WARNING:django.request:Not Found: /socketcluster/
WARNING:django.request:Not Found: /socketcluster/
WARNING:django.request:Not Found: /socketcluster/
WARNING:django.request:Not Found: /socketcluster/
INFO:django.utils.autoreload:C:\Users\akdavid\Desktop\DEVELOPMENT\Django_projects\E-Learning-Recommendation-System\main\views.py changed, reloading.
WARNING:django.request:Not Found: /socketcluster/
WARNING:django.request:Not Found: /socketcluster/
WARNING:django.request:Not Found: /socketcluster/
WARNING:django.request:Not Found: /socketcluster/
WARNING:django.request:Not Found: /socketcluster/
INFO:django.utils.autoreload:C:\Users\akdavid\Desktop\DEVELOPMENT\Django_projects\E-Learning-Recommendation-System\main\views.py changed, reloading.
WARNING:django.request:Not Found: /socketcluster/
WARNING:django.request:Not Found: /socketcluster/
WARNING:django.request:Not Found: /socketcluster/
WARNING:django.request:Not Found: /socketcluster/
WARNING:django.request:Not Found: /socketcluster/
WARNING:django.request:Not Found: /socketcluster/
WARNING:django.request:Not Found: /socketcluster/
WARNING:django.request:Not Found: /socketcluster/
WARNING:django.request:Not Found: /socketcluster/
WARNING:django.request:Not Found: /socketcluster/
WARNING:django.request:Not Found: /socketcluster/
DEBUG:root:<QuerySet [<Listing: macboy 's Listing - 2024 Tesla Cybertruck Foundation Series>, <Listing: macboy 's Listing - 2015 BMW X3 xDrive28i>, <Listing: sammywhite 's Listing - 2021 Audi RS7>, <Listing: johndoe 's Listing - 2011 Mercedes-Benz G55 AMG>]>
WARNING:django.request:Not Found: /socketcluster/
WARNING:django.request:Not Found: /socketcluster/
WARNING:django.request:Not Found: /socketcluster/
WARNING:django.request:Not Found: /socketcluster/
WARNING:django.request:Not Found: /socketcluster/
WARNING:django.request:Not Found: /socketcluster/
WARNING:django.request:Not Found: /socketcluster/
WARNING:django.request:Not Found: /socketcluster/
WARNING:django.request:Not Found: /socketcluster/
WARNING:django.request:Not Found: /socketcluster/
WARNING:django.request:Not Found: /socketcluster/
WARNING:django.request:Not Found: /socketcluster/
WARNING:django.request:Not Found: /socketcluster/
WARNING:django.request:Not Found: /socketcluster/
INFO:django.utils.autoreload:C:\Users\akdavid\Desktop\DEVELOPMENT\Django_projects\E-Learning-Recommendation-System\main\views.py changed, reloading.
WARNING:django.request:Not Found: /socketcluster/
INFO:django.utils.autoreload:C:\Users\akdavid\Desktop\DEVELOPMENT\Django_projects\E-Learning-Recommendation-System\main\views.py changed, reloading.
INFO:django.utils.autoreload:C:\Users\akdavid\Desktop\DEVELOPMENT\Django_projects\E-Learning-Recommendation-System\main\views.py changed, reloading.
WARNING:django.request:Not Found: /image/home-7/green-shape.png
WARNING:django.request:Not Found: /image/home-7/about-mobile-img.png
WARNING:django.request:Not Found: /socketcluster/
DEBUG:root:<QuerySet [<Listing: macboy 's Listing - 2024 Tesla Cybertruck Foundation Series>, <Listing: macboy 's Listing - 2015 BMW X3 xDrive28i>, <Listing: sammywhite 's Listing - 2021 Audi RS7>, <Listing: johndoe 's Listing - 2011 Mercedes-Benz G55 AMG>]>
WARNING:django.request:Not Found: /socketcluster/
INFO:django.utils.autoreload:C:\Users\akdavid\Desktop\DEVELOPMENT\Django_projects\E-Learning-Recommendation-System\main\views.py changed, reloading.
WARNING:django.request:Not Found: /socketcluster/
WARNING:django.request:Not Found: /socketcluster/
WARNING:django.request:Not Found: /socketcluster/
INFO:django.utils.autoreload:C:\Users\akdavid\Desktop\DEVELOPMENT\Django_projects\E-Learning-Recommendation-System\main\views.py changed, reloading.
INFO:django.utils.autoreload:C:\Users\akdavid\Desktop\DEVELOPMENT\Django_projects\E-Learning-Recommendation-System\main\views.py changed, reloading.
INFO:django.utils.autoreload:C:\Users\akdavid\Desktop\DEVELOPMENT\Django_projects\E-Learning-Recommendation-System\main\views.py changed, reloading.
INFO:django.utils.autoreload:C:\Users\akdavid\Desktop\DEVELOPMENT\Django_projects\E-Learning-Recommendation-System\main\views.py changed, reloading.
INFO:django.utils.autoreload:C:\Users\akdavid\Desktop\DEVELOPMENT\Django_projects\E-Learning-Recommendation-System\main\views.py changed, reloading.
INFO:django.utils.autoreload:C:\Users\akdavid\Desktop\DEVELOPMENT\Django_projects\E-Learning-Recommendation-System\main\views.py changed, reloading.
INFO:django.utils.autoreload:C:\Users\akdavid\Desktop\DEVELOPMENT\Django_projects\E-Learning-Recommendation-System\main\views.py changed, reloading.
WARNING:django.request:Not Found: /socketcluster/
DEBUG:root:<QuerySet [<Listing: macboy 's Listing - 2024 Tesla Cybertruck Foundation Series>, <Listing: macboy 's Listing - 2015 BMW X3 xDrive28i>, <Listing: sammywhite 's Listing - 2021 Audi RS7>, <Listing: johndoe 's Listing - 2011 Mercedes-Benz G55 AMG>]>
WARNING:django.request:Not Found: /socketcluster/
INFO:django.utils.autoreload:C:\Users\akdavid\Desktop\DEVELOPMENT\Django_projects\E-Learning-Recommendation-System\main\views.py changed, reloading.
WARNING:django.request:Not Found: /socketcluster/
INFO:django.utils.autoreload:C:\Users\akdavid\Desktop\DEVELOPMENT\Django_projects\E-Learning-Recommendation-System\main\views.py changed, reloading.
DEBUG:root:<QuerySet [<Listing: macboy 's Listing - 2024 Tesla Cybertruck Foundation Series>, <Listing: macboy 's Listing - 2015 BMW X3 xDrive28i>, <Listing: sammywhite 's Listing - 2021 Audi RS7>, <Listing: johndoe 's Listing - 2011 Mercedes-Benz G55 AMG>]>
WARNING:django.request:Not Found: /socketcluster/
DEBUG:root:<QuerySet [<Listing: macboy 's Listing - 2024 Tesla Cybertruck Foundation Series>, <Listing: macboy 's Listing - 2015 BMW X3 xDrive28i>, <Listing: sammywhite 's Listing - 2021 Audi RS7>, <Listing: johndoe 's Listing - 2011 Mercedes-Benz G55 AMG>]>
INFO:django.utils.autoreload:C:\Users\akdavid\Desktop\DEVELOPMENT\Django_projects\E-Learning-Recommendation-System\main\views.py changed, reloading.
INFO:django.utils.autoreload:C:\Users\akdavid\Desktop\DEVELOPMENT\Django_projects\E-Learning-Recommendation-System\main\views.py changed, reloading.
DEBUG:root:<QuerySet [<Listing: macboy 's Listing - 2024 Tesla Cybertruck Foundation Series>, <Listing: macboy 's Listing - 2015 BMW X3 xDrive28i>, <Listing: sammywhite 's Listing - 2021 Audi RS7>, <Listing: johndoe 's Listing - 2011 Mercedes-Benz G55 AMG>]>
DEBUG:root:<QuerySet [<Listing: macboy 's Listing - 2024 Tesla Cybertruck Foundation Series>, <Listing: macboy 's Listing - 2015 BMW X3 xDrive28i>, <Listing: sammywhite 's Listing - 2021 Audi RS7>, <Listing: johndoe 's Listing - 2011 Mercedes-Benz G55 AMG>]>
INFO:django.utils.autoreload:C:\Users\akdavid\Desktop\DEVELOPMENT\Django_projects\E-Learning-Recommendation-System\main\views.py changed, reloading.
INFO:django.utils.autoreload:C:\Users\akdavid\Desktop\DEVELOPMENT\Django_projects\E-Learning-Recommendation-System\main\views.py changed, reloading.
WARNING:django.request:Not Found: /socketcluster/
INFO:django.utils.autoreload:C:\Users\akdavid\Desktop\DEVELOPMENT\Django_projects\E-Learning-Recommendation-System\main\views.py changed, reloading.
WARNING:django.request:Not Found: /socketcluster/
INFO:django.utils.autoreload:C:\Users\akdavid\Desktop\DEVELOPMENT\Django_projects\E-Learning-Recommendation-System\main\views.py changed, reloading.
INFO:django.utils.autoreload:C:\Users\akdavid\Desktop\DEVELOPMENT\Django_projects\E-Learning-Recommendation-System\main\views.py changed, reloading.
INFO:django.utils.autoreload:C:\Users\akdavid\Desktop\DEVELOPMENT\Django_projects\E-Learning-Recommendation-System\main\views.py changed, reloading.
WARNING:django.request:Not Found: /socketcluster/
WARNING:django.request:Not Found: /socketcluster/
WARNING:django.request:Not Found: /socketcluster/
INFO:django.utils.autoreload:C:\Users\akdavid\Desktop\DEVELOPMENT\Django_projects\E-Learning-Recommendation-System\main\views.py changed, reloading.
INFO:django.utils.autoreload:C:\Users\akdavid\Desktop\DEVELOPMENT\Django_projects\E-Learning-Recommendation-System\main\views.py changed, reloading.
DEBUG:root:<QuerySet [<Listing: macboy 's Listing - 2024 Tesla Cybertruck Foundation Series>, <Listing: macboy 's Listing - 2015 BMW X3 xDrive28i>, <Listing: sammywhite 's Listing - 2021 Audi RS7>, <Listing: johndoe 's Listing - 2011 Mercedes-Benz G55 AMG>]>
WARNING:django.request:Not Found: /socketcluster/
WARNING:django.request:Not Found: /socketcluster/
WARNING:django.request:Not Found: /socketcluster/
WARNING:django.request:Not Found: /socketcluster/
WARNING:django.request:Not Found: /socketcluster/
DEBUG:root:<QuerySet [<Listing: macboy 's Listing - 2024 Tesla Cybertruck Foundation Series>, <Listing: macboy 's Listing - 2015 BMW X3 xDrive28i>, <Listing: sammywhite 's Listing - 2021 Audi RS7>, <Listing: johndoe 's Listing - 2011 Mercedes-Benz G55 AMG>]>
WARNING:django.request:Not Found: /socketcluster/
DEBUG:root:<QuerySet [<Listing: macboy 's Listing - 2024 Tesla Cybertruck Foundation Series>, <Listing: macboy 's Listing - 2015 BMW X3 xDrive28i>, <Listing: sammywhite 's Listing - 2021 Audi RS7>, <Listing: johndoe 's Listing - 2011 Mercedes-Benz G55 AMG>]>
WARNING:django.request:Not Found: /image/home-7/about-mobile-img.png
WARNING:django.request:Not Found: /image/home-7/green-shape.png
WARNING:django.request:Not Found: /socketcluster/
WARNING:django.request:Not Found: /socketcluster/
WARNING:django.request:Not Found: /about-us/static/image/png/logo-dark.png
WARNING:django.request:Not Found: /about-us/static/image/png/logo-white.png
WARNING:django.request:Not Found: /contact-us/static/image/png/logo-dark.png
WARNING:django.request:Not Found: /contact-us/static/image/png/logo-white.png
WARNING:django.request:Not Found: /socketcluster/
DEBUG:root:<QuerySet [<Listing: macboy 's Listing - 2024 Tesla Cybertruck Foundation Series>, <Listing: macboy 's Listing - 2015 BMW X3 xDrive28i>, <Listing: sammywhite 's Listing - 2021 Audi RS7>, <Listing: johndoe 's Listing - 2011 Mercedes-Benz G55 AMG>]>
WARNING:django.request:Not Found: /socketcluster/
WARNING:django.request:Not Found: /socketcluster/
WARNING:django.request:Not Found: /socketcluster/
WARNING:django.request:Not Found: /socketcluster/
WARNING:django.request:Not Found: /socketcluster/
WARNING:django.request:Not Found: /socketcluster/
WARNING:django.request:Not Found: /socketcluster/
WARNING:django.request:Not Found: /socketcluster/
WARNING:django.request:Not Found: /socketcluster/
WARNING:django.request:Not Found: /socketcluster/
DEBUG:root:<QuerySet [<Listing: macboy 's Listing - 2024 Tesla Cybertruck Foundation Series>, <Listing: macboy 's Listing - 2015 BMW X3 xDrive28i>, <Listing: sammywhite 's Listing - 2021 Audi RS7>, <Listing: johndoe 's Listing - 2011 Mercedes-Benz G55 AMG>]>
WARNING:django.request:Not Found: /socketcluster/
WARNING:django.request:Not Found: /socketcluster/
WARNING:django.request:Not Found: /socketcluster/
DEBUG:root:<QuerySet [<Listing: macboy 's Listing - 2024 Tesla Cybertruck Foundation Series>, <Listing: macboy 's Listing - 2015 BMW X3 xDrive28i>, <Listing: sammywhite 's Listing - 2021 Audi RS7>, <Listing: johndoe 's Listing - 2011 Mercedes-Benz G55 AMG>]>
WARNING:django.request:Not Found: /socketcluster/
WARNING:django.request:Not Found: /socketcluster/
WARNING:django.request:Not Found: /socketcluster/
WARNING:django.request:Not Found: /socketcluster/
WARNING:django.request:Not Found: /socketcluster/
WARNING:django.request:Not Found: /socketcluster/
WARNING:django.request:Not Found: /socketcluster/
WARNING:django.request:Not Found: /socketcluster/
WARNING:django.request:Not Found: /socketcluster/
WARNING:django.request:Not Found: /socketcluster/
WARNING:django.request:Not Found: /socketcluster/
WARNING:django.request:Not Found: /socketcluster/
DEBUG:root:<QuerySet [<Listing: macboy 's Listing - 2024 Tesla Cybertruck Foundation Series>, <Listing: macboy 's Listing - 2015 BMW X3 xDrive28i>, <Listing: sammywhite 's Listing - 2021 Audi RS7>, <Listing: johndoe 's Listing - 2011 Mercedes-Benz G55 AMG>]>
WARNING:django.request:Not Found: /socketcluster/
WARNING:django.request:Not Found: /socketcluster/
WARNING:django.request:Not Found: /socketcluster/
WARNING:django.request:Not Found: /socketcluster/
WARNING:django.request:Not Found: /socketcluster/
WARNING:django.request:Not Found: /socketcluster/
WARNING:django.request:Not Found: /socketcluster/
WARNING:django.request:Not Found: /socketcluster/
WARNING:django.request:Not Found: /socketcluster/
WARNING:django.request:Not Found: /socketcluster/
WARNING:django.request:Not Found: /socketcluster/
WARNING:django.request:Not Found: /socketcluster/
WARNING:django.request:Not Found: /socketcluster/
WARNING:django.request:Not Found: /socketcluster/
WARNING:django.request:Not Found: /socketcluster/
WARNING:django.request:Not Found: /socketcluster/
WARNING:django.request:Not Found: /socketcluster/
DEBUG:root:<QuerySet [<Listing: macboy 's Listing - 2024 Tesla Cybertruck Foundation Series>, <Listing: macboy 's Listing - 2015 BMW X3 xDrive28i>, <Listing: sammywhite 's Listing - 2021 Audi RS7>, <Listing: johndoe 's Listing - 2011 Mercedes-Benz G55 AMG>]>
WARNING:django.request:Not Found: /socketcluster/
WARNING:django.request:Not Found: /socketcluster/
WARNING:django.request:Not Found: /socketcluster/
WARNING:django.request:Not Found: /socketcluster/
WARNING:django.request:Not Found: /socketcluster/
WARNING:django.request:Not Found: /socketcluster/
DEBUG:root:<QuerySet [<Listing: macboy 's Listing - 2024 Tesla Cybertruck Foundation Series>, <Listing: macboy 's Listing - 2015 BMW X3 xDrive28i>, <Listing: sammywhite 's Listing - 2021 Audi RS7>, <Listing: johndoe 's Listing - 2011 Mercedes-Benz G55 AMG>]>
WARNING:django.request:Not Found: /media/bugs.png
WARNING:django.request:Not Found: /media/face_recogniton.jpg
WARNING:django.request:Not Found: /socketcluster/
WARNING:django.request:Not Found: /socketcluster/
WARNING:django.request:Not Found: /socketcluster/
WARNING:django.request:Not Found: /socketcluster/
WARNING:django.request:Not Found: /socketcluster/
WARNING:django.request:Not Found: /socketcluster/
WARNING:django.request:Not Found: /socketcluster/
DEBUG:root:<QuerySet [<Listing: macboy 's Listing - 2024 Tesla Cybertruck Foundation Series>, <Listing: macboy 's Listing - 2015 BMW X3 xDrive28i>, <Listing: sammywhite 's Listing - 2021 Audi RS7>, <Listing: johndoe 's Listing - 2011 Mercedes-Benz G55 AMG>]>
WARNING:django.request:Not Found: /media/bugs.png
WARNING:django.request:Not Found: /media/face_recogniton.jpg
WARNING:django.request:Not Found: /socketcluster/
WARNING:django.request:Not Found: /socketcluster/
DEBUG:root:<QuerySet [<Listing: macboy 's Listing - 2024 Tesla Cybertruck Foundation Series>, <Listing: macboy 's Listing - 2015 BMW X3 xDrive28i>, <Listing: sammywhite 's Listing - 2021 Audi RS7>, <Listing: johndoe 's Listing - 2011 Mercedes-Benz G55 AMG>]>
WARNING:django.request:Not Found: /media/bugs.png
WARNING:django.request:Not Found: /media/face_recogniton.jpg
WARNING:django.request:Not Found: /socketcluster/
WARNING:django.request:Not Found: /socketcluster/
WARNING:django.request:Not Found: /socketcluster/
WARNING:django.request:Not Found: /socketcluster/
WARNING:django.request:Not Found: /socketcluster/
DEBUG:root:<QuerySet [<Listing: macboy 's Listing - 2024 Tesla Cybertruck Foundation Series>, <Listing: macboy 's Listing - 2015 BMW X3 xDrive28i>, <Listing: sammywhite 's Listing - 2021 Audi RS7>, <Listing: johndoe 's Listing - 2011 Mercedes-Benz G55 AMG>]>
WARNING:django.request:Not Found: /media/bugs.png
WARNING:django.request:Not Found: /media/face_recogniton.jpg
WARNING:django.request:Not Found: /socketcluster/
WARNING:django.request:Not Found: /socketcluster/
WARNING:django.request:Not Found: /socketcluster/
WARNING:django.request:Not Found: /socketcluster/
WARNING:django.request:Not Found: /socketcluster/
WARNING:django.request:Not Found: /socketcluster/
WARNING:django.request:Not Found: /socketcluster/
WARNING:django.request:Not Found: /socketcluster/
WARNING:django.request:Not Found: /socketcluster/
WARNING:django.request:Not Found: /socketcluster/
WARNING:django.request:Not Found: /socketcluster/
WARNING:django.request:Not Found: /socketcluster/
WARNING:django.request:Not Found: /socketcluster/
WARNING:django.request:Not Found: /socketcluster/
WARNING:django.request:Not Found: /socketcluster/
WARNING:django.request:Not Found: /socketcluster/
WARNING:django.request:Not Found: /socketcluster/
WARNING:django.request:Not Found: /socketcluster/
WARNING:django.request:Not Found: /socketcluster/
WARNING:django.request:Not Found: /socketcluster/
WARNING:django.request:Not Found: /socketcluster/
WARNING:django.request:Not Found: /socketcluster/
WARNING:django.request:Not Found: /socketcluster/
DEBUG:root:<QuerySet [<Listing: macboy 's Listing - 2024 Tesla Cybertruck Foundation Series>, <Listing: macboy 's Listing - 2015 BMW X3 xDrive28i>, <Listing: sammywhite 's Listing - 2021 Audi RS7>, <Listing: johndoe 's Listing - 2011 Mercedes-Benz G55 AMG>]>
ERROR:django.request:Internal Server Error: /cars/
Traceback (most recent call last):
  File "c:\Users\akdavid\Desktop\DEVELOPMENT\Django_projects\E-Learning-Recommendation-System\.venv\Lib\site-packages\django\template\base.py", line 502, in parse
    compile_func = self.tags[command]
                   ~~~~~~~~~^^^^^^^^^
KeyError: 'endif'

During handling of the above exception, another exception occurred:

Traceback (most recent call last):
  File "c:\Users\akdavid\Desktop\DEVELOPMENT\Django_projects\E-Learning-Recommendation-System\.venv\Lib\site-packages\django\core\handlers\exception.py", line 55, in inner
    response = get_response(request)
               ^^^^^^^^^^^^^^^^^^^^^
  File "c:\Users\akdavid\Desktop\DEVELOPMENT\Django_projects\E-Learning-Recommendation-System\.venv\Lib\site-packages\django\core\handlers\base.py", line 197, in _get_response
    response = wrapped_callback(request, *callback_args, **callback_kwargs)
               ^^^^^^^^^^^^^^^^^^^^^^^^^^^^^^^^^^^^^^^^^^^^^^^^^^^^^^^^^^^^
  File "c:\Users\akdavid\Desktop\DEVELOPMENT\Django_projects\E-Learning-Recommendation-System\.venv\Lib\site-packages\django\contrib\auth\decorators.py", line 23, in _wrapper_view
    return view_func(request, *args, **kwargs)
           ^^^^^^^^^^^^^^^^^^^^^^^^^^^^^^^^^^^
  File "C:\Users\akdavid\Desktop\DEVELOPMENT\Django_projects\E-Learning-Recommendation-System\main\views.py", line 42, in car_views
    return render(request, "pages/cars.html",  context)
           ^^^^^^^^^^^^^^^^^^^^^^^^^^^^^^^^^^^^^^^^^^^^
  File "c:\Users\akdavid\Desktop\DEVELOPMENT\Django_projects\E-Learning-Recommendation-System\.venv\Lib\site-packages\django\shortcuts.py", line 25, in render
    content = loader.render_to_string(template_name, context, request, using=using)
              ^^^^^^^^^^^^^^^^^^^^^^^^^^^^^^^^^^^^^^^^^^^^^^^^^^^^^^^^^^^^^^^^^^^^^
  File "c:\Users\akdavid\Desktop\DEVELOPMENT\Django_projects\E-Learning-Recommendation-System\.venv\Lib\site-packages\django\template\loader.py", line 62, in render_to_string
    return template.render(context, request)
           ^^^^^^^^^^^^^^^^^^^^^^^^^^^^^^^^^
  File "c:\Users\akdavid\Desktop\DEVELOPMENT\Django_projects\E-Learning-Recommendation-System\.venv\Lib\site-packages\django\template\backends\django.py", line 61, in render
    return self.template.render(context)
           ^^^^^^^^^^^^^^^^^^^^^^^^^^^^^
  File "c:\Users\akdavid\Desktop\DEVELOPMENT\Django_projects\E-Learning-Recommendation-System\.venv\Lib\site-packages\django\template\base.py", line 171, in render
    return self._render(context)
           ^^^^^^^^^^^^^^^^^^^^^
  File "c:\Users\akdavid\Desktop\DEVELOPMENT\Django_projects\E-Learning-Recommendation-System\.venv\Lib\site-packages\django\template\base.py", line 163, in _render
    return self.nodelist.render(context)
           ^^^^^^^^^^^^^^^^^^^^^^^^^^^^^
  File "c:\Users\akdavid\Desktop\DEVELOPMENT\Django_projects\E-Learning-Recommendation-System\.venv\Lib\site-packages\django\template\base.py", line 1000, in render
    return SafeString("".join([node.render_annotated(context) for node in self]))
                               ^^^^^^^^^^^^^^^^^^^^^^^^^^^^^^
  File "c:\Users\akdavid\Desktop\DEVELOPMENT\Django_projects\E-Learning-Recommendation-System\.venv\Lib\site-packages\django\template\base.py", line 961, in render_annotated
    return self.render(context)
           ^^^^^^^^^^^^^^^^^^^^
  File "c:\Users\akdavid\Desktop\DEVELOPMENT\Django_projects\E-Learning-Recommendation-System\.venv\Lib\site-packages\django\template\loader_tags.py", line 159, in render
    return compiled_parent._render(context)
           ^^^^^^^^^^^^^^^^^^^^^^^^^^^^^^^^
  File "c:\Users\akdavid\Desktop\DEVELOPMENT\Django_projects\E-Learning-Recommendation-System\.venv\Lib\site-packages\django\template\base.py", line 163, in _render
    return self.nodelist.render(context)
           ^^^^^^^^^^^^^^^^^^^^^^^^^^^^^
  File "c:\Users\akdavid\Desktop\DEVELOPMENT\Django_projects\E-Learning-Recommendation-System\.venv\Lib\site-packages\django\template\base.py", line 1000, in render
    return SafeString("".join([node.render_annotated(context) for node in self]))
                               ^^^^^^^^^^^^^^^^^^^^^^^^^^^^^^
  File "c:\Users\akdavid\Desktop\DEVELOPMENT\Django_projects\E-Learning-Recommendation-System\.venv\Lib\site-packages\django\template\base.py", line 961, in render_annotated
    return self.render(context)
           ^^^^^^^^^^^^^^^^^^^^
  File "c:\Users\akdavid\Desktop\DEVELOPMENT\Django_projects\E-Learning-Recommendation-System\.venv\Lib\site-packages\django\template\loader_tags.py", line 65, in render
    result = block.nodelist.render(context)
             ^^^^^^^^^^^^^^^^^^^^^^^^^^^^^^
  File "c:\Users\akdavid\Desktop\DEVELOPMENT\Django_projects\E-Learning-Recommendation-System\.venv\Lib\site-packages\django\template\base.py", line 1000, in render
    return SafeString("".join([node.render_annotated(context) for node in self]))
                               ^^^^^^^^^^^^^^^^^^^^^^^^^^^^^^
  File "c:\Users\akdavid\Desktop\DEVELOPMENT\Django_projects\E-Learning-Recommendation-System\.venv\Lib\site-packages\django\template\base.py", line 961, in render_annotated
    return self.render(context)
           ^^^^^^^^^^^^^^^^^^^^
  File "c:\Users\akdavid\Desktop\DEVELOPMENT\Django_projects\E-Learning-Recommendation-System\.venv\Lib\site-packages\django\template\loader_tags.py", line 65, in render
    result = block.nodelist.render(context)
             ^^^^^^^^^^^^^^^^^^^^^^^^^^^^^^
  File "c:\Users\akdavid\Desktop\DEVELOPMENT\Django_projects\E-Learning-Recommendation-System\.venv\Lib\site-packages\django\template\base.py", line 1000, in render
    return SafeString("".join([node.render_annotated(context) for node in self]))
                               ^^^^^^^^^^^^^^^^^^^^^^^^^^^^^^
  File "c:\Users\akdavid\Desktop\DEVELOPMENT\Django_projects\E-Learning-Recommendation-System\.venv\Lib\site-packages\django\template\base.py", line 961, in render_annotated
    return self.render(context)
           ^^^^^^^^^^^^^^^^^^^^
  File "c:\Users\akdavid\Desktop\DEVELOPMENT\Django_projects\E-Learning-Recommendation-System\.venv\Lib\site-packages\django\template\defaulttags.py", line 242, in render
    nodelist.append(node.render_annotated(context))
                    ^^^^^^^^^^^^^^^^^^^^^^^^^^^^^^
  File "c:\Users\akdavid\Desktop\DEVELOPMENT\Django_projects\E-Learning-Recommendation-System\.venv\Lib\site-packages\django\template\base.py", line 961, in render_annotated
    return self.render(context)
           ^^^^^^^^^^^^^^^^^^^^
  File "c:\Users\akdavid\Desktop\DEVELOPMENT\Django_projects\E-Learning-Recommendation-System\.venv\Lib\site-packages\django\template\loader_tags.py", line 199, in render
    template = context.template.engine.select_template(template_name)
               ^^^^^^^^^^^^^^^^^^^^^^^^^^^^^^^^^^^^^^^^^^^^^^^^^^^^^^
  File "c:\Users\akdavid\Desktop\DEVELOPMENT\Django_projects\E-Learning-Recommendation-System\.venv\Lib\site-packages\django\template\engine.py", line 208, in select_template
    return self.get_template(template_name)
           ^^^^^^^^^^^^^^^^^^^^^^^^^^^^^^^^
  File "c:\Users\akdavid\Desktop\DEVELOPMENT\Django_projects\E-Learning-Recommendation-System\.venv\Lib\site-packages\django\template\engine.py", line 177, in get_template
    template, origin = self.find_template(template_name)
                       ^^^^^^^^^^^^^^^^^^^^^^^^^^^^^^^^^
  File "c:\Users\akdavid\Desktop\DEVELOPMENT\Django_projects\E-Learning-Recommendation-System\.venv\Lib\site-packages\django\template\engine.py", line 159, in find_template
    template = loader.get_template(name, skip=skip)
               ^^^^^^^^^^^^^^^^^^^^^^^^^^^^^^^^^^^^
  File "c:\Users\akdavid\Desktop\DEVELOPMENT\Django_projects\E-Learning-Recommendation-System\.venv\Lib\site-packages\django\template\loaders\cached.py", line 57, in get_template
    template = super().get_template(template_name, skip)
               ^^^^^^^^^^^^^^^^^^^^^^^^^^^^^^^^^^^^^^^^^
  File "c:\Users\akdavid\Desktop\DEVELOPMENT\Django_projects\E-Learning-Recommendation-System\.venv\Lib\site-packages\django\template\loaders\base.py", line 28, in get_template
    return Template(
           ^^^^^^^^^
  File "c:\Users\akdavid\Desktop\DEVELOPMENT\Django_projects\E-Learning-Recommendation-System\.venv\Lib\site-packages\django\template\base.py", line 154, in __init__
    self.nodelist = self.compile_nodelist()
                    ^^^^^^^^^^^^^^^^^^^^^^^
  File "c:\Users\akdavid\Desktop\DEVELOPMENT\Django_projects\E-Learning-Recommendation-System\.venv\Lib\site-packages\django\template\base.py", line 196, in compile_nodelist
    return parser.parse()
           ^^^^^^^^^^^^^^
  File "c:\Users\akdavid\Desktop\DEVELOPMENT\Django_projects\E-Learning-Recommendation-System\.venv\Lib\site-packages\django\template\base.py", line 504, in parse
    self.invalid_block_tag(token, command, parse_until)
  File "c:\Users\akdavid\Desktop\DEVELOPMENT\Django_projects\E-Learning-Recommendation-System\.venv\Lib\site-packages\django\template\base.py", line 565, in invalid_block_tag
    raise self.error(
django.template.exceptions.TemplateSyntaxError: Invalid block tag on line 26: 'endif'. Did you forget to register or load this tag?
WARNING:django.request:Not Found: /socketcluster/
DEBUG:root:<QuerySet [<Listing: macboy 's Listing - 2024 Tesla Cybertruck Foundation Series>, <Listing: macboy 's Listing - 2015 BMW X3 xDrive28i>, <Listing: sammywhite 's Listing - 2021 Audi RS7>, <Listing: johndoe 's Listing - 2011 Mercedes-Benz G55 AMG>]>
ERROR:django.request:Internal Server Error: /cars/
Traceback (most recent call last):
  File "c:\Users\akdavid\Desktop\DEVELOPMENT\Django_projects\E-Learning-Recommendation-System\.venv\Lib\site-packages\django\core\handlers\exception.py", line 55, in inner
    response = get_response(request)
               ^^^^^^^^^^^^^^^^^^^^^
  File "c:\Users\akdavid\Desktop\DEVELOPMENT\Django_projects\E-Learning-Recommendation-System\.venv\Lib\site-packages\django\core\handlers\base.py", line 197, in _get_response
    response = wrapped_callback(request, *callback_args, **callback_kwargs)
               ^^^^^^^^^^^^^^^^^^^^^^^^^^^^^^^^^^^^^^^^^^^^^^^^^^^^^^^^^^^^
  File "c:\Users\akdavid\Desktop\DEVELOPMENT\Django_projects\E-Learning-Recommendation-System\.venv\Lib\site-packages\django\contrib\auth\decorators.py", line 23, in _wrapper_view
    return view_func(request, *args, **kwargs)
           ^^^^^^^^^^^^^^^^^^^^^^^^^^^^^^^^^^^
  File "C:\Users\akdavid\Desktop\DEVELOPMENT\Django_projects\E-Learning-Recommendation-System\main\views.py", line 42, in car_views
    return render(request, "pages/cars.html",  context)
           ^^^^^^^^^^^^^^^^^^^^^^^^^^^^^^^^^^^^^^^^^^^^
  File "c:\Users\akdavid\Desktop\DEVELOPMENT\Django_projects\E-Learning-Recommendation-System\.venv\Lib\site-packages\django\shortcuts.py", line 25, in render
    content = loader.render_to_string(template_name, context, request, using=using)
              ^^^^^^^^^^^^^^^^^^^^^^^^^^^^^^^^^^^^^^^^^^^^^^^^^^^^^^^^^^^^^^^^^^^^^
  File "c:\Users\akdavid\Desktop\DEVELOPMENT\Django_projects\E-Learning-Recommendation-System\.venv\Lib\site-packages\django\template\loader.py", line 62, in render_to_string
    return template.render(context, request)
           ^^^^^^^^^^^^^^^^^^^^^^^^^^^^^^^^^
  File "c:\Users\akdavid\Desktop\DEVELOPMENT\Django_projects\E-Learning-Recommendation-System\.venv\Lib\site-packages\django\template\backends\django.py", line 61, in render
    return self.template.render(context)
           ^^^^^^^^^^^^^^^^^^^^^^^^^^^^^
  File "c:\Users\akdavid\Desktop\DEVELOPMENT\Django_projects\E-Learning-Recommendation-System\.venv\Lib\site-packages\django\template\base.py", line 171, in render
    return self._render(context)
           ^^^^^^^^^^^^^^^^^^^^^
  File "c:\Users\akdavid\Desktop\DEVELOPMENT\Django_projects\E-Learning-Recommendation-System\.venv\Lib\site-packages\django\template\base.py", line 163, in _render
    return self.nodelist.render(context)
           ^^^^^^^^^^^^^^^^^^^^^^^^^^^^^
  File "c:\Users\akdavid\Desktop\DEVELOPMENT\Django_projects\E-Learning-Recommendation-System\.venv\Lib\site-packages\django\template\base.py", line 1000, in render
    return SafeString("".join([node.render_annotated(context) for node in self]))
                               ^^^^^^^^^^^^^^^^^^^^^^^^^^^^^^
  File "c:\Users\akdavid\Desktop\DEVELOPMENT\Django_projects\E-Learning-Recommendation-System\.venv\Lib\site-packages\django\template\base.py", line 961, in render_annotated
    return self.render(context)
           ^^^^^^^^^^^^^^^^^^^^
  File "c:\Users\akdavid\Desktop\DEVELOPMENT\Django_projects\E-Learning-Recommendation-System\.venv\Lib\site-packages\django\template\loader_tags.py", line 159, in render
    return compiled_parent._render(context)
           ^^^^^^^^^^^^^^^^^^^^^^^^^^^^^^^^
  File "c:\Users\akdavid\Desktop\DEVELOPMENT\Django_projects\E-Learning-Recommendation-System\.venv\Lib\site-packages\django\template\base.py", line 163, in _render
    return self.nodelist.render(context)
           ^^^^^^^^^^^^^^^^^^^^^^^^^^^^^
  File "c:\Users\akdavid\Desktop\DEVELOPMENT\Django_projects\E-Learning-Recommendation-System\.venv\Lib\site-packages\django\template\base.py", line 1000, in render
    return SafeString("".join([node.render_annotated(context) for node in self]))
                               ^^^^^^^^^^^^^^^^^^^^^^^^^^^^^^
  File "c:\Users\akdavid\Desktop\DEVELOPMENT\Django_projects\E-Learning-Recommendation-System\.venv\Lib\site-packages\django\template\base.py", line 961, in render_annotated
    return self.render(context)
           ^^^^^^^^^^^^^^^^^^^^
  File "c:\Users\akdavid\Desktop\DEVELOPMENT\Django_projects\E-Learning-Recommendation-System\.venv\Lib\site-packages\django\template\loader_tags.py", line 65, in render
    result = block.nodelist.render(context)
             ^^^^^^^^^^^^^^^^^^^^^^^^^^^^^^
  File "c:\Users\akdavid\Desktop\DEVELOPMENT\Django_projects\E-Learning-Recommendation-System\.venv\Lib\site-packages\django\template\base.py", line 1000, in render
    return SafeString("".join([node.render_annotated(context) for node in self]))
                               ^^^^^^^^^^^^^^^^^^^^^^^^^^^^^^
  File "c:\Users\akdavid\Desktop\DEVELOPMENT\Django_projects\E-Learning-Recommendation-System\.venv\Lib\site-packages\django\template\base.py", line 961, in render_annotated
    return self.render(context)
           ^^^^^^^^^^^^^^^^^^^^
  File "c:\Users\akdavid\Desktop\DEVELOPMENT\Django_projects\E-Learning-Recommendation-System\.venv\Lib\site-packages\django\template\loader_tags.py", line 65, in render
    result = block.nodelist.render(context)
             ^^^^^^^^^^^^^^^^^^^^^^^^^^^^^^
  File "c:\Users\akdavid\Desktop\DEVELOPMENT\Django_projects\E-Learning-Recommendation-System\.venv\Lib\site-packages\django\template\base.py", line 1000, in render
    return SafeString("".join([node.render_annotated(context) for node in self]))
                               ^^^^^^^^^^^^^^^^^^^^^^^^^^^^^^
  File "c:\Users\akdavid\Desktop\DEVELOPMENT\Django_projects\E-Learning-Recommendation-System\.venv\Lib\site-packages\django\template\base.py", line 961, in render_annotated
    return self.render(context)
           ^^^^^^^^^^^^^^^^^^^^
  File "c:\Users\akdavid\Desktop\DEVELOPMENT\Django_projects\E-Learning-Recommendation-System\.venv\Lib\site-packages\django\template\defaulttags.py", line 242, in render
    nodelist.append(node.render_annotated(context))
                    ^^^^^^^^^^^^^^^^^^^^^^^^^^^^^^
  File "c:\Users\akdavid\Desktop\DEVELOPMENT\Django_projects\E-Learning-Recommendation-System\.venv\Lib\site-packages\django\template\base.py", line 961, in render_annotated
    return self.render(context)
           ^^^^^^^^^^^^^^^^^^^^
  File "c:\Users\akdavid\Desktop\DEVELOPMENT\Django_projects\E-Learning-Recommendation-System\.venv\Lib\site-packages\django\template\loader_tags.py", line 210, in render
    return template.render(context)
           ^^^^^^^^^^^^^^^^^^^^^^^^
  File "c:\Users\akdavid\Desktop\DEVELOPMENT\Django_projects\E-Learning-Recommendation-System\.venv\Lib\site-packages\django\template\base.py", line 173, in render
    return self._render(context)
           ^^^^^^^^^^^^^^^^^^^^^
  File "c:\Users\akdavid\Desktop\DEVELOPMENT\Django_projects\E-Learning-Recommendation-System\.venv\Lib\site-packages\django\template\base.py", line 163, in _render
    return self.nodelist.render(context)
           ^^^^^^^^^^^^^^^^^^^^^^^^^^^^^
  File "c:\Users\akdavid\Desktop\DEVELOPMENT\Django_projects\E-Learning-Recommendation-System\.venv\Lib\site-packages\django\template\base.py", line 1000, in render
    return SafeString("".join([node.render_annotated(context) for node in self]))
                               ^^^^^^^^^^^^^^^^^^^^^^^^^^^^^^
  File "c:\Users\akdavid\Desktop\DEVELOPMENT\Django_projects\E-Learning-Recommendation-System\.venv\Lib\site-packages\django\template\base.py", line 961, in render_annotated
    return self.render(context)
           ^^^^^^^^^^^^^^^^^^^^
  File "c:\Users\akdavid\Desktop\DEVELOPMENT\Django_projects\E-Learning-Recommendation-System\.venv\Lib\site-packages\django\template\defaulttags.py", line 479, in render
    url = reverse(view_name, args=args, kwargs=kwargs, current_app=current_app)
          ^^^^^^^^^^^^^^^^^^^^^^^^^^^^^^^^^^^^^^^^^^^^^^^^^^^^^^^^^^^^^^^^^^^^^
  File "c:\Users\akdavid\Desktop\DEVELOPMENT\Django_projects\E-Learning-Recommendation-System\.venv\Lib\site-packages\django\urls\base.py", line 88, in reverse
    return resolver._reverse_with_prefix(view, prefix, *args, **kwargs)
           ^^^^^^^^^^^^^^^^^^^^^^^^^^^^^^^^^^^^^^^^^^^^^^^^^^^^^^^^^^^^
  File "c:\Users\akdavid\Desktop\DEVELOPMENT\Django_projects\E-Learning-Recommendation-System\.venv\Lib\site-packages\django\urls\resolvers.py", line 851, in _reverse_with_prefix
    raise NoReverseMatch(msg)
django.urls.exceptions.NoReverseMatch: Reverse for 'listing' not found. 'listing' is not a valid view function or pattern name.
DEBUG:root:<QuerySet [<Listing: macboy 's Listing - 2024 Tesla Cybertruck Foundation Series>, <Listing: macboy 's Listing - 2015 BMW X3 xDrive28i>, <Listing: sammywhite 's Listing - 2021 Audi RS7>, <Listing: johndoe 's Listing - 2011 Mercedes-Benz G55 AMG>]>
ERROR:django.request:Internal Server Error: /cars/
Traceback (most recent call last):
  File "c:\Users\akdavid\Desktop\DEVELOPMENT\Django_projects\E-Learning-Recommendation-System\.venv\Lib\site-packages\django\core\handlers\exception.py", line 55, in inner
    response = get_response(request)
               ^^^^^^^^^^^^^^^^^^^^^
  File "c:\Users\akdavid\Desktop\DEVELOPMENT\Django_projects\E-Learning-Recommendation-System\.venv\Lib\site-packages\django\core\handlers\base.py", line 197, in _get_response
    response = wrapped_callback(request, *callback_args, **callback_kwargs)
               ^^^^^^^^^^^^^^^^^^^^^^^^^^^^^^^^^^^^^^^^^^^^^^^^^^^^^^^^^^^^
  File "c:\Users\akdavid\Desktop\DEVELOPMENT\Django_projects\E-Learning-Recommendation-System\.venv\Lib\site-packages\django\contrib\auth\decorators.py", line 23, in _wrapper_view
    return view_func(request, *args, **kwargs)
           ^^^^^^^^^^^^^^^^^^^^^^^^^^^^^^^^^^^
  File "C:\Users\akdavid\Desktop\DEVELOPMENT\Django_projects\E-Learning-Recommendation-System\main\views.py", line 42, in car_views
    return render(request, "pages/cars.html",  context)
           ^^^^^^^^^^^^^^^^^^^^^^^^^^^^^^^^^^^^^^^^^^^^
  File "c:\Users\akdavid\Desktop\DEVELOPMENT\Django_projects\E-Learning-Recommendation-System\.venv\Lib\site-packages\django\shortcuts.py", line 25, in render
    content = loader.render_to_string(template_name, context, request, using=using)
              ^^^^^^^^^^^^^^^^^^^^^^^^^^^^^^^^^^^^^^^^^^^^^^^^^^^^^^^^^^^^^^^^^^^^^
  File "c:\Users\akdavid\Desktop\DEVELOPMENT\Django_projects\E-Learning-Recommendation-System\.venv\Lib\site-packages\django\template\loader.py", line 62, in render_to_string
    return template.render(context, request)
           ^^^^^^^^^^^^^^^^^^^^^^^^^^^^^^^^^
  File "c:\Users\akdavid\Desktop\DEVELOPMENT\Django_projects\E-Learning-Recommendation-System\.venv\Lib\site-packages\django\template\backends\django.py", line 61, in render
    return self.template.render(context)
           ^^^^^^^^^^^^^^^^^^^^^^^^^^^^^
  File "c:\Users\akdavid\Desktop\DEVELOPMENT\Django_projects\E-Learning-Recommendation-System\.venv\Lib\site-packages\django\template\base.py", line 171, in render
    return self._render(context)
           ^^^^^^^^^^^^^^^^^^^^^
  File "c:\Users\akdavid\Desktop\DEVELOPMENT\Django_projects\E-Learning-Recommendation-System\.venv\Lib\site-packages\django\template\base.py", line 163, in _render
    return self.nodelist.render(context)
           ^^^^^^^^^^^^^^^^^^^^^^^^^^^^^
  File "c:\Users\akdavid\Desktop\DEVELOPMENT\Django_projects\E-Learning-Recommendation-System\.venv\Lib\site-packages\django\template\base.py", line 1000, in render
    return SafeString("".join([node.render_annotated(context) for node in self]))
                               ^^^^^^^^^^^^^^^^^^^^^^^^^^^^^^
  File "c:\Users\akdavid\Desktop\DEVELOPMENT\Django_projects\E-Learning-Recommendation-System\.venv\Lib\site-packages\django\template\base.py", line 961, in render_annotated
    return self.render(context)
           ^^^^^^^^^^^^^^^^^^^^
  File "c:\Users\akdavid\Desktop\DEVELOPMENT\Django_projects\E-Learning-Recommendation-System\.venv\Lib\site-packages\django\template\loader_tags.py", line 159, in render
    return compiled_parent._render(context)
           ^^^^^^^^^^^^^^^^^^^^^^^^^^^^^^^^
  File "c:\Users\akdavid\Desktop\DEVELOPMENT\Django_projects\E-Learning-Recommendation-System\.venv\Lib\site-packages\django\template\base.py", line 163, in _render
    return self.nodelist.render(context)
           ^^^^^^^^^^^^^^^^^^^^^^^^^^^^^
  File "c:\Users\akdavid\Desktop\DEVELOPMENT\Django_projects\E-Learning-Recommendation-System\.venv\Lib\site-packages\django\template\base.py", line 1000, in render
    return SafeString("".join([node.render_annotated(context) for node in self]))
                               ^^^^^^^^^^^^^^^^^^^^^^^^^^^^^^
  File "c:\Users\akdavid\Desktop\DEVELOPMENT\Django_projects\E-Learning-Recommendation-System\.venv\Lib\site-packages\django\template\base.py", line 961, in render_annotated
    return self.render(context)
           ^^^^^^^^^^^^^^^^^^^^
  File "c:\Users\akdavid\Desktop\DEVELOPMENT\Django_projects\E-Learning-Recommendation-System\.venv\Lib\site-packages\django\template\loader_tags.py", line 65, in render
    result = block.nodelist.render(context)
             ^^^^^^^^^^^^^^^^^^^^^^^^^^^^^^
  File "c:\Users\akdavid\Desktop\DEVELOPMENT\Django_projects\E-Learning-Recommendation-System\.venv\Lib\site-packages\django\template\base.py", line 1000, in render
    return SafeString("".join([node.render_annotated(context) for node in self]))
                               ^^^^^^^^^^^^^^^^^^^^^^^^^^^^^^
  File "c:\Users\akdavid\Desktop\DEVELOPMENT\Django_projects\E-Learning-Recommendation-System\.venv\Lib\site-packages\django\template\base.py", line 961, in render_annotated
    return self.render(context)
           ^^^^^^^^^^^^^^^^^^^^
  File "c:\Users\akdavid\Desktop\DEVELOPMENT\Django_projects\E-Learning-Recommendation-System\.venv\Lib\site-packages\django\template\loader_tags.py", line 65, in render
    result = block.nodelist.render(context)
             ^^^^^^^^^^^^^^^^^^^^^^^^^^^^^^
  File "c:\Users\akdavid\Desktop\DEVELOPMENT\Django_projects\E-Learning-Recommendation-System\.venv\Lib\site-packages\django\template\base.py", line 1000, in render
    return SafeString("".join([node.render_annotated(context) for node in self]))
                               ^^^^^^^^^^^^^^^^^^^^^^^^^^^^^^
  File "c:\Users\akdavid\Desktop\DEVELOPMENT\Django_projects\E-Learning-Recommendation-System\.venv\Lib\site-packages\django\template\base.py", line 961, in render_annotated
    return self.render(context)
           ^^^^^^^^^^^^^^^^^^^^
  File "c:\Users\akdavid\Desktop\DEVELOPMENT\Django_projects\E-Learning-Recommendation-System\.venv\Lib\site-packages\django\template\defaulttags.py", line 242, in render
    nodelist.append(node.render_annotated(context))
                    ^^^^^^^^^^^^^^^^^^^^^^^^^^^^^^
  File "c:\Users\akdavid\Desktop\DEVELOPMENT\Django_projects\E-Learning-Recommendation-System\.venv\Lib\site-packages\django\template\base.py", line 961, in render_annotated
    return self.render(context)
           ^^^^^^^^^^^^^^^^^^^^
  File "c:\Users\akdavid\Desktop\DEVELOPMENT\Django_projects\E-Learning-Recommendation-System\.venv\Lib\site-packages\django\template\loader_tags.py", line 210, in render
    return template.render(context)
           ^^^^^^^^^^^^^^^^^^^^^^^^
  File "c:\Users\akdavid\Desktop\DEVELOPMENT\Django_projects\E-Learning-Recommendation-System\.venv\Lib\site-packages\django\template\base.py", line 173, in render
    return self._render(context)
           ^^^^^^^^^^^^^^^^^^^^^
  File "c:\Users\akdavid\Desktop\DEVELOPMENT\Django_projects\E-Learning-Recommendation-System\.venv\Lib\site-packages\django\template\base.py", line 163, in _render
    return self.nodelist.render(context)
           ^^^^^^^^^^^^^^^^^^^^^^^^^^^^^
  File "c:\Users\akdavid\Desktop\DEVELOPMENT\Django_projects\E-Learning-Recommendation-System\.venv\Lib\site-packages\django\template\base.py", line 1000, in render
    return SafeString("".join([node.render_annotated(context) for node in self]))
                               ^^^^^^^^^^^^^^^^^^^^^^^^^^^^^^
  File "c:\Users\akdavid\Desktop\DEVELOPMENT\Django_projects\E-Learning-Recommendation-System\.venv\Lib\site-packages\django\template\base.py", line 961, in render_annotated
    return self.render(context)
           ^^^^^^^^^^^^^^^^^^^^
  File "c:\Users\akdavid\Desktop\DEVELOPMENT\Django_projects\E-Learning-Recommendation-System\.venv\Lib\site-packages\django\template\defaulttags.py", line 479, in render
    url = reverse(view_name, args=args, kwargs=kwargs, current_app=current_app)
          ^^^^^^^^^^^^^^^^^^^^^^^^^^^^^^^^^^^^^^^^^^^^^^^^^^^^^^^^^^^^^^^^^^^^^
  File "c:\Users\akdavid\Desktop\DEVELOPMENT\Django_projects\E-Learning-Recommendation-System\.venv\Lib\site-packages\django\urls\base.py", line 88, in reverse
    return resolver._reverse_with_prefix(view, prefix, *args, **kwargs)
           ^^^^^^^^^^^^^^^^^^^^^^^^^^^^^^^^^^^^^^^^^^^^^^^^^^^^^^^^^^^^
  File "c:\Users\akdavid\Desktop\DEVELOPMENT\Django_projects\E-Learning-Recommendation-System\.venv\Lib\site-packages\django\urls\resolvers.py", line 851, in _reverse_with_prefix
    raise NoReverseMatch(msg)
django.urls.exceptions.NoReverseMatch: Reverse for 'listing' not found. 'listing' is not a valid view function or pattern name.
WARNING:django.request:Not Found: /socketcluster/
WARNING:django.request:Not Found: /socketcluster/
DEBUG:root:<QuerySet [<Listing: macboy 's Listing - 2024 Tesla Cybertruck Foundation Series>, <Listing: macboy 's Listing - 2015 BMW X3 xDrive28i>, <Listing: sammywhite 's Listing - 2021 Audi RS7>, <Listing: johndoe 's Listing - 2011 Mercedes-Benz G55 AMG>]>
ERROR:django.request:Internal Server Error: /cars/
Traceback (most recent call last):
  File "c:\Users\akdavid\Desktop\DEVELOPMENT\Django_projects\E-Learning-Recommendation-System\.venv\Lib\site-packages\django\core\handlers\exception.py", line 55, in inner
    response = get_response(request)
               ^^^^^^^^^^^^^^^^^^^^^
  File "c:\Users\akdavid\Desktop\DEVELOPMENT\Django_projects\E-Learning-Recommendation-System\.venv\Lib\site-packages\django\core\handlers\base.py", line 197, in _get_response
    response = wrapped_callback(request, *callback_args, **callback_kwargs)
               ^^^^^^^^^^^^^^^^^^^^^^^^^^^^^^^^^^^^^^^^^^^^^^^^^^^^^^^^^^^^
  File "c:\Users\akdavid\Desktop\DEVELOPMENT\Django_projects\E-Learning-Recommendation-System\.venv\Lib\site-packages\django\contrib\auth\decorators.py", line 23, in _wrapper_view
    return view_func(request, *args, **kwargs)
           ^^^^^^^^^^^^^^^^^^^^^^^^^^^^^^^^^^^
  File "C:\Users\akdavid\Desktop\DEVELOPMENT\Django_projects\E-Learning-Recommendation-System\main\views.py", line 42, in car_views
    return render(request, "pages/cars.html",  context)
           ^^^^^^^^^^^^^^^^^^^^^^^^^^^^^^^^^^^^^^^^^^^^
  File "c:\Users\akdavid\Desktop\DEVELOPMENT\Django_projects\E-Learning-Recommendation-System\.venv\Lib\site-packages\django\shortcuts.py", line 25, in render
    content = loader.render_to_string(template_name, context, request, using=using)
              ^^^^^^^^^^^^^^^^^^^^^^^^^^^^^^^^^^^^^^^^^^^^^^^^^^^^^^^^^^^^^^^^^^^^^
  File "c:\Users\akdavid\Desktop\DEVELOPMENT\Django_projects\E-Learning-Recommendation-System\.venv\Lib\site-packages\django\template\loader.py", line 62, in render_to_string
    return template.render(context, request)
           ^^^^^^^^^^^^^^^^^^^^^^^^^^^^^^^^^
  File "c:\Users\akdavid\Desktop\DEVELOPMENT\Django_projects\E-Learning-Recommendation-System\.venv\Lib\site-packages\django\template\backends\django.py", line 61, in render
    return self.template.render(context)
           ^^^^^^^^^^^^^^^^^^^^^^^^^^^^^
  File "c:\Users\akdavid\Desktop\DEVELOPMENT\Django_projects\E-Learning-Recommendation-System\.venv\Lib\site-packages\django\template\base.py", line 171, in render
    return self._render(context)
           ^^^^^^^^^^^^^^^^^^^^^
  File "c:\Users\akdavid\Desktop\DEVELOPMENT\Django_projects\E-Learning-Recommendation-System\.venv\Lib\site-packages\django\template\base.py", line 163, in _render
    return self.nodelist.render(context)
           ^^^^^^^^^^^^^^^^^^^^^^^^^^^^^
  File "c:\Users\akdavid\Desktop\DEVELOPMENT\Django_projects\E-Learning-Recommendation-System\.venv\Lib\site-packages\django\template\base.py", line 1000, in render
    return SafeString("".join([node.render_annotated(context) for node in self]))
                               ^^^^^^^^^^^^^^^^^^^^^^^^^^^^^^
  File "c:\Users\akdavid\Desktop\DEVELOPMENT\Django_projects\E-Learning-Recommendation-System\.venv\Lib\site-packages\django\template\base.py", line 961, in render_annotated
    return self.render(context)
           ^^^^^^^^^^^^^^^^^^^^
  File "c:\Users\akdavid\Desktop\DEVELOPMENT\Django_projects\E-Learning-Recommendation-System\.venv\Lib\site-packages\django\template\loader_tags.py", line 159, in render
    return compiled_parent._render(context)
           ^^^^^^^^^^^^^^^^^^^^^^^^^^^^^^^^
  File "c:\Users\akdavid\Desktop\DEVELOPMENT\Django_projects\E-Learning-Recommendation-System\.venv\Lib\site-packages\django\template\base.py", line 163, in _render
    return self.nodelist.render(context)
           ^^^^^^^^^^^^^^^^^^^^^^^^^^^^^
  File "c:\Users\akdavid\Desktop\DEVELOPMENT\Django_projects\E-Learning-Recommendation-System\.venv\Lib\site-packages\django\template\base.py", line 1000, in render
    return SafeString("".join([node.render_annotated(context) for node in self]))
                               ^^^^^^^^^^^^^^^^^^^^^^^^^^^^^^
  File "c:\Users\akdavid\Desktop\DEVELOPMENT\Django_projects\E-Learning-Recommendation-System\.venv\Lib\site-packages\django\template\base.py", line 961, in render_annotated
    return self.render(context)
           ^^^^^^^^^^^^^^^^^^^^
  File "c:\Users\akdavid\Desktop\DEVELOPMENT\Django_projects\E-Learning-Recommendation-System\.venv\Lib\site-packages\django\template\loader_tags.py", line 65, in render
    result = block.nodelist.render(context)
             ^^^^^^^^^^^^^^^^^^^^^^^^^^^^^^
  File "c:\Users\akdavid\Desktop\DEVELOPMENT\Django_projects\E-Learning-Recommendation-System\.venv\Lib\site-packages\django\template\base.py", line 1000, in render
    return SafeString("".join([node.render_annotated(context) for node in self]))
                               ^^^^^^^^^^^^^^^^^^^^^^^^^^^^^^
  File "c:\Users\akdavid\Desktop\DEVELOPMENT\Django_projects\E-Learning-Recommendation-System\.venv\Lib\site-packages\django\template\base.py", line 961, in render_annotated
    return self.render(context)
           ^^^^^^^^^^^^^^^^^^^^
  File "c:\Users\akdavid\Desktop\DEVELOPMENT\Django_projects\E-Learning-Recommendation-System\.venv\Lib\site-packages\django\template\loader_tags.py", line 65, in render
    result = block.nodelist.render(context)
             ^^^^^^^^^^^^^^^^^^^^^^^^^^^^^^
  File "c:\Users\akdavid\Desktop\DEVELOPMENT\Django_projects\E-Learning-Recommendation-System\.venv\Lib\site-packages\django\template\base.py", line 1000, in render
    return SafeString("".join([node.render_annotated(context) for node in self]))
                               ^^^^^^^^^^^^^^^^^^^^^^^^^^^^^^
  File "c:\Users\akdavid\Desktop\DEVELOPMENT\Django_projects\E-Learning-Recommendation-System\.venv\Lib\site-packages\django\template\base.py", line 961, in render_annotated
    return self.render(context)
           ^^^^^^^^^^^^^^^^^^^^
  File "c:\Users\akdavid\Desktop\DEVELOPMENT\Django_projects\E-Learning-Recommendation-System\.venv\Lib\site-packages\django\template\defaulttags.py", line 242, in render
    nodelist.append(node.render_annotated(context))
                    ^^^^^^^^^^^^^^^^^^^^^^^^^^^^^^
  File "c:\Users\akdavid\Desktop\DEVELOPMENT\Django_projects\E-Learning-Recommendation-System\.venv\Lib\site-packages\django\template\base.py", line 961, in render_annotated
    return self.render(context)
           ^^^^^^^^^^^^^^^^^^^^
  File "c:\Users\akdavid\Desktop\DEVELOPMENT\Django_projects\E-Learning-Recommendation-System\.venv\Lib\site-packages\django\template\loader_tags.py", line 210, in render
    return template.render(context)
           ^^^^^^^^^^^^^^^^^^^^^^^^
  File "c:\Users\akdavid\Desktop\DEVELOPMENT\Django_projects\E-Learning-Recommendation-System\.venv\Lib\site-packages\django\template\base.py", line 173, in render
    return self._render(context)
           ^^^^^^^^^^^^^^^^^^^^^
  File "c:\Users\akdavid\Desktop\DEVELOPMENT\Django_projects\E-Learning-Recommendation-System\.venv\Lib\site-packages\django\template\base.py", line 163, in _render
    return self.nodelist.render(context)
           ^^^^^^^^^^^^^^^^^^^^^^^^^^^^^
  File "c:\Users\akdavid\Desktop\DEVELOPMENT\Django_projects\E-Learning-Recommendation-System\.venv\Lib\site-packages\django\template\base.py", line 1000, in render
    return SafeString("".join([node.render_annotated(context) for node in self]))
                               ^^^^^^^^^^^^^^^^^^^^^^^^^^^^^^
  File "c:\Users\akdavid\Desktop\DEVELOPMENT\Django_projects\E-Learning-Recommendation-System\.venv\Lib\site-packages\django\template\base.py", line 961, in render_annotated
    return self.render(context)
           ^^^^^^^^^^^^^^^^^^^^
  File "c:\Users\akdavid\Desktop\DEVELOPMENT\Django_projects\E-Learning-Recommendation-System\.venv\Lib\site-packages\django\template\defaulttags.py", line 479, in render
    url = reverse(view_name, args=args, kwargs=kwargs, current_app=current_app)
          ^^^^^^^^^^^^^^^^^^^^^^^^^^^^^^^^^^^^^^^^^^^^^^^^^^^^^^^^^^^^^^^^^^^^^
  File "c:\Users\akdavid\Desktop\DEVELOPMENT\Django_projects\E-Learning-Recommendation-System\.venv\Lib\site-packages\django\urls\base.py", line 88, in reverse
    return resolver._reverse_with_prefix(view, prefix, *args, **kwargs)
           ^^^^^^^^^^^^^^^^^^^^^^^^^^^^^^^^^^^^^^^^^^^^^^^^^^^^^^^^^^^^
  File "c:\Users\akdavid\Desktop\DEVELOPMENT\Django_projects\E-Learning-Recommendation-System\.venv\Lib\site-packages\django\urls\resolvers.py", line 851, in _reverse_with_prefix
    raise NoReverseMatch(msg)
django.urls.exceptions.NoReverseMatch: Reverse for 'listing' not found. 'listing' is not a valid view function or pattern name.
DEBUG:root:<QuerySet [<Listing: macboy 's Listing - 2024 Tesla Cybertruck Foundation Series>, <Listing: macboy 's Listing - 2015 BMW X3 xDrive28i>, <Listing: sammywhite 's Listing - 2021 Audi RS7>, <Listing: johndoe 's Listing - 2011 Mercedes-Benz G55 AMG>]>
WARNING:django.request:Not Found: /socketcluster/
WARNING:django.request:Not Found: /media/bugs.png
WARNING:django.request:Not Found: /media/face_recogniton.jpg
WARNING:django.request:Not Found: /socketcluster/
WARNING:django.request:Not Found: /socketcluster/
WARNING:django.request:Not Found: /socketcluster/
DEBUG:root:<QuerySet [<Listing: macboy 's Listing - 2024 Tesla Cybertruck Foundation Series>, <Listing: macboy 's Listing - 2015 BMW X3 xDrive28i>, <Listing: sammywhite 's Listing - 2021 Audi RS7>, <Listing: johndoe 's Listing - 2011 Mercedes-Benz G55 AMG>]>
WARNING:django.request:Not Found: /media/bugs.png
WARNING:django.request:Not Found: /media/face_recogniton.jpg
WARNING:django.request:Not Found: /socketcluster/
WARNING:django.request:Not Found: /socketcluster/
DEBUG:root:<QuerySet [<Listing: macboy 's Listing - 2024 Tesla Cybertruck Foundation Series>, <Listing: macboy 's Listing - 2015 BMW X3 xDrive28i>, <Listing: sammywhite 's Listing - 2021 Audi RS7>, <Listing: johndoe 's Listing - 2011 Mercedes-Benz G55 AMG>]>
WARNING:django.request:Not Found: /media/bugs.png
WARNING:django.request:Not Found: /media/face_recogniton.jpg
WARNING:django.request:Not Found: /socketcluster/
WARNING:django.request:Not Found: /socketcluster/
DEBUG:root:<QuerySet [<Listing: macboy 's Listing - 2024 Tesla Cybertruck Foundation Series>, <Listing: macboy 's Listing - 2015 BMW X3 xDrive28i>, <Listing: sammywhite 's Listing - 2021 Audi RS7>, <Listing: johndoe 's Listing - 2011 Mercedes-Benz G55 AMG>]>
WARNING:django.request:Not Found: /media/bugs.png
WARNING:django.request:Not Found: /media/face_recogniton.jpg
DEBUG:root:<QuerySet [<Listing: macboy 's Listing - 2024 Tesla Cybertruck Foundation Series>, <Listing: macboy 's Listing - 2015 BMW X3 xDrive28i>, <Listing: sammywhite 's Listing - 2021 Audi RS7>, <Listing: johndoe 's Listing - 2011 Mercedes-Benz G55 AMG>]>
WARNING:django.request:Not Found: /media/bugs.png
WARNING:django.request:Not Found: /media/face_recogniton.jpg
WARNING:django.request:Not Found: /socketcluster/
WARNING:django.request:Not Found: /image/home-7/green-shape.png
WARNING:django.request:Not Found: /image/home-7/about-mobile-img.png
WARNING:django.request:Not Found: /socketcluster/
WARNING:django.request:Not Found: /socketcluster/
DEBUG:root:<QuerySet [<Listing: macboy 's Listing - 2024 Tesla Cybertruck Foundation Series>, <Listing: macboy 's Listing - 2015 BMW X3 xDrive28i>, <Listing: sammywhite 's Listing - 2021 Audi RS7>, <Listing: johndoe 's Listing - 2011 Mercedes-Benz G55 AMG>]>
WARNING:django.request:Not Found: /media/bugs.png
WARNING:django.request:Not Found: /media/face_recogniton.jpg
WARNING:django.request:Not Found: /image/home-7/about-mobile-img.png
WARNING:django.request:Not Found: /image/home-7/green-shape.png
WARNING:django.request:Not Found: /socketcluster/
WARNING:django.request:Not Found: /socketcluster/
WARNING:django.request:Not Found: /image/home-7/about-mobile-img.png
WARNING:django.request:Not Found: /image/home-7/green-shape.png
WARNING:django.request:Not Found: /socketcluster/
WARNING:django.request:Not Found: /socketcluster/
DEBUG:root:<QuerySet [<Listing: macboy 's Listing - 2024 Tesla Cybertruck Foundation Series>, <Listing: macboy 's Listing - 2015 BMW X3 xDrive28i>, <Listing: sammywhite 's Listing - 2021 Audi RS7>, <Listing: johndoe 's Listing - 2011 Mercedes-Benz G55 AMG>]>
WARNING:django.request:Not Found: /media/bugs.png
WARNING:django.request:Not Found: /media/face_recogniton.jpg
WARNING:django.request:Not Found: /socketcluster/
WARNING:django.request:Not Found: /socketcluster/
WARNING:django.request:Not Found: /socketcluster/
DEBUG:root:<QuerySet [<Listing: macboy 's Listing - 2024 Tesla Cybertruck Foundation Series>, <Listing: macboy 's Listing - 2015 BMW X3 xDrive28i>, <Listing: sammywhite 's Listing - 2021 Audi RS7>, <Listing: johndoe 's Listing - 2011 Mercedes-Benz G55 AMG>]>
WARNING:django.request:Not Found: /media/bugs.png
WARNING:django.request:Not Found: /media/face_recogniton.jpg
WARNING:django.request:Not Found: /socketcluster/
WARNING:django.request:Not Found: /socketcluster/
WARNING:django.request:Not Found: /socketcluster/
WARNING:django.request:Not Found: /socketcluster/
DEBUG:root:<QuerySet [<Listing: macboy 's Listing - 2024 Tesla Cybertruck Foundation Series>, <Listing: macboy 's Listing - 2015 BMW X3 xDrive28i>, <Listing: sammywhite 's Listing - 2021 Audi RS7>, <Listing: johndoe 's Listing - 2011 Mercedes-Benz G55 AMG>]>
WARNING:django.request:Not Found: /media/bugs.png
WARNING:django.request:Not Found: /media/face_recogniton.jpg
WARNING:django.request:Not Found: /socketcluster/
WARNING:django.request:Not Found: /socketcluster/
DEBUG:root:<QuerySet [<Listing: macboy 's Listing - 2024 Tesla Cybertruck Foundation Series>, <Listing: macboy 's Listing - 2015 BMW X3 xDrive28i>, <Listing: sammywhite 's Listing - 2021 Audi RS7>, <Listing: johndoe 's Listing - 2011 Mercedes-Benz G55 AMG>]>
WARNING:django.request:Not Found: /media/bugs.png
WARNING:django.request:Not Found: /media/face_recogniton.jpg
WARNING:django.request:Not Found: /socketcluster/
DEBUG:root:<QuerySet [<Listing: macboy 's Listing - 2024 Tesla Cybertruck Foundation Series>, <Listing: macboy 's Listing - 2015 BMW X3 xDrive28i>, <Listing: sammywhite 's Listing - 2021 Audi RS7>, <Listing: johndoe 's Listing - 2011 Mercedes-Benz G55 AMG>]>
WARNING:django.request:Not Found: /media/bugs.png
WARNING:django.request:Not Found: /media/face_recogniton.jpg
WARNING:django.request:Not Found: /socketcluster/
WARNING:django.request:Not Found: /socketcluster/
WARNING:django.request:Not Found: /socketcluster/
WARNING:django.request:Not Found: /socketcluster/
DEBUG:root:<QuerySet [<Listing: macboy 's Listing - 2024 Tesla Cybertruck Foundation Series>, <Listing: macboy 's Listing - 2015 BMW X3 xDrive28i>, <Listing: sammywhite 's Listing - 2021 Audi RS7>, <Listing: johndoe 's Listing - 2011 Mercedes-Benz G55 AMG>]>
WARNING:django.request:Not Found: /media/bugs.png
WARNING:django.request:Not Found: /media/face_recogniton.jpg
WARNING:django.request:Not Found: /socketcluster/
DEBUG:root:<QuerySet [<Listing: macboy 's Listing - 2024 Tesla Cybertruck Foundation Series>, <Listing: macboy 's Listing - 2015 BMW X3 xDrive28i>, <Listing: sammywhite 's Listing - 2021 Audi RS7>, <Listing: johndoe 's Listing - 2011 Mercedes-Benz G55 AMG>]>
WARNING:django.request:Not Found: /media/bugs.png
WARNING:django.request:Not Found: /media/face_recogniton.jpg
WARNING:django.request:Not Found: /socketcluster/
WARNING:django.request:Not Found: /socketcluster/
WARNING:django.request:Not Found: /socketcluster/
WARNING:django.request:Not Found: /socketcluster/
WARNING:django.request:Not Found: /socketcluster/
WARNING:django.request:Not Found: /socketcluster/
WARNING:django.request:Not Found: /socketcluster/
WARNING:django.request:Not Found: /socketcluster/
WARNING:django.request:Not Found: /socketcluster/
WARNING:django.request:Not Found: /socketcluster/
WARNING:django.request:Not Found: /socketcluster/
WARNING:django.request:Not Found: /socketcluster/
WARNING:django.request:Not Found: /socketcluster/
WARNING:django.request:Not Found: /socketcluster/
WARNING:django.request:Not Found: /socketcluster/
WARNING:django.request:Not Found: /socketcluster/
WARNING:django.request:Not Found: /socketcluster/
WARNING:django.request:Not Found: /socketcluster/
WARNING:django.request:Not Found: /socketcluster/
WARNING:django.request:Not Found: /socketcluster/
WARNING:django.request:Not Found: /socketcluster/
WARNING:django.request:Not Found: /socketcluster/
WARNING:django.request:Not Found: /socketcluster/
WARNING:django.request:Not Found: /socketcluster/
WARNING:django.request:Not Found: /socketcluster/
WARNING:django.request:Not Found: /socketcluster/
WARNING:django.request:Not Found: /socketcluster/
WARNING:django.request:Not Found: /socketcluster/
WARNING:django.request:Not Found: /socketcluster/
WARNING:django.request:Not Found: /socketcluster/
WARNING:django.request:Not Found: /socketcluster/
WARNING:django.request:Not Found: /socketcluster/
WARNING:django.request:Not Found: /socketcluster/
WARNING:django.request:Not Found: /socketcluster/
WARNING:django.request:Not Found: /socketcluster/
WARNING:django.request:Not Found: /socketcluster/
WARNING:django.request:Not Found: /socketcluster/
WARNING:django.request:Not Found: /socketcluster/
WARNING:django.request:Not Found: /socketcluster/
WARNING:django.request:Not Found: /socketcluster/
WARNING:django.request:Not Found: /socketcluster/
WARNING:django.request:Not Found: /socketcluster/
WARNING:django.request:Not Found: /socketcluster/
WARNING:django.request:Not Found: /socketcluster/
WARNING:django.request:Not Found: /socketcluster/
WARNING:django.request:Not Found: /socketcluster/
WARNING:django.request:Not Found: /socketcluster/
WARNING:django.request:Not Found: /socketcluster/
WARNING:django.request:Not Found: /socketcluster/
WARNING:django.request:Not Found: /socketcluster/
DEBUG:root:<QuerySet [<Listing: macboy 's Listing - 2024 Tesla Cybertruck Foundation Series>, <Listing: macboy 's Listing - 2015 BMW X3 xDrive28i>, <Listing: sammywhite 's Listing - 2021 Audi RS7>, <Listing: johndoe 's Listing - 2011 Mercedes-Benz G55 AMG>]>
WARNING:django.request:Not Found: /media/bugs.png
WARNING:django.request:Not Found: /media/face_recogniton.jpg
WARNING:django.request:Not Found: /socketcluster/
WARNING:django.request:Not Found: /socketcluster/
WARNING:django.request:Not Found: /socketcluster/
WARNING:django.request:Not Found: /socketcluster/
WARNING:django.request:Not Found: /socketcluster/
WARNING:django.request:Not Found: /socketcluster/
WARNING:django.request:Not Found: /socketcluster/
DEBUG:root:<QuerySet [<Listing: macboy 's Listing - 2024 Tesla Cybertruck Foundation Series>, <Listing: macboy 's Listing - 2015 BMW X3 xDrive28i>, <Listing: sammywhite 's Listing - 2021 Audi RS7>, <Listing: johndoe 's Listing - 2011 Mercedes-Benz G55 AMG>]>
WARNING:django.request:Not Found: /media/bugs.png
WARNING:django.request:Not Found: /media/face_recogniton.jpg
WARNING:django.request:Not Found: /socketcluster/
WARNING:django.request:Not Found: /socketcluster/
WARNING:django.request:Not Found: /socketcluster/
WARNING:django.request:Not Found: /socketcluster/
WARNING:django.request:Not Found: /socketcluster/
WARNING:django.request:Not Found: /socketcluster/
WARNING:django.request:Not Found: /socketcluster/
WARNING:django.request:Not Found: /socketcluster/
WARNING:django.request:Not Found: /socketcluster/
WARNING:django.request:Not Found: /socketcluster/
DEBUG:root:<QuerySet [<Listing: macboy 's Listing - 2024 Tesla Cybertruck Foundation Series>, <Listing: macboy 's Listing - 2015 BMW X3 xDrive28i>, <Listing: sammywhite 's Listing - 2021 Audi RS7>, <Listing: johndoe 's Listing - 2011 Mercedes-Benz G55 AMG>]>
WARNING:django.request:Not Found: /media/bugs.png
WARNING:django.request:Not Found: /media/face_recogniton.jpg
WARNING:django.request:Not Found: /media/bugs.png
WARNING:django.request:Not Found: /media/face_recogniton.jpg
WARNING:django.request:Not Found: /image/home-7/green-shape.png
WARNING:django.request:Not Found: /image/home-7/about-mobile-img.png
DEBUG:root:<QuerySet [<Listing: macboy 's Listing - 2024 Tesla Cybertruck Foundation Series>, <Listing: macboy 's Listing - 2015 BMW X3 xDrive28i>, <Listing: sammywhite 's Listing - 2021 Audi RS7>, <Listing: johndoe 's Listing - 2011 Mercedes-Benz G55 AMG>]>
WARNING:django.request:Not Found: /media/bugs.png
WARNING:django.request:Not Found: /media/face_recogniton.jpg
WARNING:django.request:Not Found: /media/face_recogniton.jpg
WARNING:django.request:Not Found: /media/bugs.png
DEBUG:root:<QuerySet [<Listing: macboy 's Listing - 2024 Tesla Cybertruck Foundation Series>, <Listing: macboy 's Listing - 2015 BMW X3 xDrive28i>, <Listing: sammywhite 's Listing - 2021 Audi RS7>, <Listing: johndoe 's Listing - 2011 Mercedes-Benz G55 AMG>]>
WARNING:django.request:Not Found: /media/bugs.png
WARNING:django.request:Not Found: /media/face_recogniton.jpg
WARNING:django.request:Not Found: /media/face_recogniton.jpg
WARNING:django.request:Not Found: /media/bugs.png
WARNING:django.request:Not Found: /home/static/image/png/logo-white.png
WARNING:django.request:Not Found: /home/static/image/png/logo-dark.png
WARNING:django.request:Not Found: /home/static/image/png/logo-dark.png
WARNING:django.request:Not Found: /home/static/image/png/logo-white.png
DEBUG:root:<QuerySet [<Listing: macboy 's Listing - 2024 Tesla Cybertruck Foundation Series>, <Listing: macboy 's Listing - 2015 BMW X3 xDrive28i>, <Listing: sammywhite 's Listing - 2021 Audi RS7>, <Listing: johndoe 's Listing - 2011 Mercedes-Benz G55 AMG>]>
WARNING:django.request:Not Found: /media/bugs.png
WARNING:django.request:Not Found: /media/face_recogniton.jpg
WARNING:django.request:Not Found: /media/bugs.png
WARNING:django.request:Not Found: /media/face_recogniton.jpg
DEBUG:root:<QuerySet [<Listing: macboy 's Listing - 2024 Tesla Cybertruck Foundation Series>, <Listing: macboy 's Listing - 2015 BMW X3 xDrive28i>, <Listing: sammywhite 's Listing - 2021 Audi RS7>, <Listing: johndoe 's Listing - 2011 Mercedes-Benz G55 AMG>]>
WARNING:django.request:Not Found: /media/bugs.png
WARNING:django.request:Not Found: /media/face_recogniton.jpg
WARNING:django.request:Not Found: /media/face_recogniton.jpg
WARNING:django.request:Not Found: /media/bugs.png
DEBUG:root:<QuerySet [<Listing: macboy 's Listing - 2024 Tesla Cybertruck Foundation Series>, <Listing: macboy 's Listing - 2015 BMW X3 xDrive28i>, <Listing: sammywhite 's Listing - 2021 Audi RS7>, <Listing: johndoe 's Listing - 2011 Mercedes-Benz G55 AMG>]>
WARNING:django.request:Not Found: /media/bugs.png
WARNING:django.request:Not Found: /media/face_recogniton.jpg
WARNING:django.request:Not Found: /media/bugs.png
WARNING:django.request:Not Found: /media/face_recogniton.jpg
DEBUG:root:<QuerySet [<Listing: macboy 's Listing - 2024 Tesla Cybertruck Foundation Series>, <Listing: macboy 's Listing - 2015 BMW X3 xDrive28i>, <Listing: sammywhite 's Listing - 2021 Audi RS7>, <Listing: johndoe 's Listing - 2011 Mercedes-Benz G55 AMG>]>
WARNING:django.request:Not Found: /media/bugs.png
WARNING:django.request:Not Found: /media/face_recogniton.jpg
WARNING:django.request:Not Found: /media/bugs.png
WARNING:django.request:Not Found: /media/face_recogniton.jpg
DEBUG:root:<QuerySet [<Listing: macboy 's Listing - 2024 Tesla Cybertruck Foundation Series>, <Listing: macboy 's Listing - 2015 BMW X3 xDrive28i>, <Listing: sammywhite 's Listing - 2021 Audi RS7>, <Listing: johndoe 's Listing - 2011 Mercedes-Benz G55 AMG>]>
WARNING:django.request:Not Found: /media/bugs.png
WARNING:django.request:Not Found: /media/face_recogniton.jpg
